mode: set
example.com/mamude/internal/helpers/cnpj.go:24.29,26.2 1 0
example.com/mamude/internal/helpers/cnpj.go:29.31,31.2 1 0
example.com/mamude/internal/helpers/cnpj.go:35.32,39.18 2 0
example.com/mamude/internal/helpers/cnpj.go:39.18,41.3 1 0
example.com/mamude/internal/helpers/cnpj.go:43.2,45.16 2 0
example.com/mamude/internal/helpers/cnpj.go:45.16,47.3 1 0
example.com/mamude/internal/helpers/cnpj.go:49.2,49.53 1 0
example.com/mamude/internal/helpers/cnpj.go:54.37,56.21 1 0
example.com/mamude/internal/helpers/cnpj.go:56.21,58.3 1 0
example.com/mamude/internal/helpers/cnpj.go:60.2,65.16 5 0
example.com/mamude/internal/helpers/cnpj.go:65.16,67.3 1 0
example.com/mamude/internal/helpers/cnpj.go:69.2,74.16 5 0
example.com/mamude/internal/helpers/cnpj.go:74.16,76.3 1 0
example.com/mamude/internal/helpers/cnpj.go:78.2,79.26 2 0
example.com/mamude/internal/helpers/cpf.go:25.27,27.2 1 0
example.com/mamude/internal/helpers/cpf.go:30.30,32.2 1 0
example.com/mamude/internal/helpers/cpf.go:36.31,40.18 2 0
example.com/mamude/internal/helpers/cpf.go:40.18,42.3 1 0
example.com/mamude/internal/helpers/cpf.go:44.2,46.16 2 0
example.com/mamude/internal/helpers/cpf.go:46.16,48.3 1 0
example.com/mamude/internal/helpers/cpf.go:50.2,50.50 1 0
example.com/mamude/internal/helpers/cpf.go:55.35,56.20 1 0
example.com/mamude/internal/helpers/cpf.go:56.20,58.3 1 0
example.com/mamude/internal/helpers/cpf.go:60.2,66.13 5 0
example.com/mamude/internal/helpers/cpf.go:66.13,68.3 1 0
example.com/mamude/internal/helpers/cpf.go:70.2,77.13 5 0
example.com/mamude/internal/helpers/cpf.go:77.13,79.3 1 0
example.com/mamude/internal/helpers/cpf.go:81.2,82.25 2 0
example.com/mamude/internal/helpers/db.go:5.30,6.16 1 0
example.com/mamude/internal/helpers/db.go:6.16,7.13 1 0
example.com/mamude/internal/helpers/db.go:11.44,12.16 1 0
example.com/mamude/internal/helpers/db.go:12.16,14.13 2 0
example.com/mamude/internal/helpers/http.go:10.43,12.2 1 0
example.com/mamude/internal/helpers/http.go:14.44,15.16 1 0
example.com/mamude/internal/helpers/http.go:15.16,17.3 1 0
example.com/mamude/internal/helpers/http.go:20.56,22.2 1 0
example.com/mamude/internal/helpers/http.go:24.52,27.2 2 0
example.com/mamude/internal/helpers/parsers.go:9.36,11.2 1 0
example.com/mamude/internal/helpers/parsers.go:13.37,14.21 1 0
example.com/mamude/internal/helpers/parsers.go:14.21,16.3 1 0
example.com/mamude/internal/helpers/parsers.go:17.2,17.14 1 0
example.com/mamude/internal/helpers/parsers.go:20.40,21.21 1 0
example.com/mamude/internal/helpers/parsers.go:21.21,23.3 1 0
example.com/mamude/internal/helpers/parsers.go:24.2,26.16 3 0
example.com/mamude/internal/helpers/parsers.go:26.16,27.13 1 0
example.com/mamude/internal/helpers/parsers.go:29.2,29.13 1 0
example.com/mamude/internal/helpers/parsers.go:32.41,33.21 1 0
example.com/mamude/internal/helpers/parsers.go:33.21,35.3 1 0
example.com/mamude/internal/helpers/parsers.go:36.2,38.16 3 0
example.com/mamude/internal/helpers/parsers.go:38.16,39.13 1 0
example.com/mamude/internal/helpers/parsers.go:41.2,41.16 1 0
example.com/mamude/internal/helpers/utils.go:8.42,10.26 1 0
example.com/mamude/internal/helpers/utils.go:10.26,12.3 1 0
example.com/mamude/internal/helpers/utils.go:14.2,16.26 2 0
example.com/mamude/internal/helpers/utils.go:16.26,19.17 3 0
example.com/mamude/internal/helpers/utils.go:19.17,21.4 1 0
example.com/mamude/internal/helpers/utils.go:24.2,24.12 1 0
example.com/mamude/internal/helpers/utils.go:28.29,33.2 4 0
example.com/mamude/internal/repository/customer.go:15.70,19.2 1 0
example.com/mamude/internal/repository/customer.go:21.91,23.24 1 0
example.com/mamude/internal/repository/customer.go:23.24,25.38 2 0
example.com/mamude/internal/repository/customer.go:25.38,31.4 5 0
example.com/mamude/internal/repository/customer.go:35.3,48.65 1 0
example.com/mamude/internal/repository/customer.go:48.65,59.5 1 0
example.com/mamude/internal/repository/customer.go:61.3,62.19 2 0
example.com/mamude/internal/repository/customer.go:63.8,65.3 1 0
example.com/mamude/cmd/api/main.go:9.13,14.16 3 0
example.com/mamude/cmd/api/main.go:14.16,15.53 1 0
example.com/mamude/internal/database/database.go:36.21,42.16 5 0
example.com/mamude/internal/database/database.go:42.16,44.3 1 0
example.com/mamude/internal/database/database.go:45.2,45.11 1 0
example.com/mamude/internal/service/import_data.go:25.28,26.16 1 0
example.com/mamude/internal/service/import_data.go:26.16,28.3 1 0
example.com/mamude/internal/service/import_data.go:31.53,45.21 8 0
example.com/mamude/internal/service/import_data.go:45.21,69.3 10 0
example.com/mamude/internal/service/import_data.go:71.2,71.18 1 0
example.com/mamude/internal/server/routes.go:19.48,26.34 5 0
example.com/mamude/internal/server/routes.go:26.34,28.3 1 0
example.com/mamude/internal/server/routes.go:29.2,31.10 2 0
example.com/mamude/internal/server/routes.go:34.46,36.2 1 0
example.com/mamude/internal/server/routes.go:38.50,40.16 2 0
example.com/mamude/internal/server/routes.go:40.16,43.3 2 0
example.com/mamude/internal/server/routes.go:45.2,45.33 1 0
example.com/mamude/internal/server/routes.go:45.33,48.3 2 0
example.com/mamude/internal/server/routes.go:51.2,53.59 3 0
example.com/mamude/internal/server/routes.go:53.59,56.3 2 0
example.com/mamude/internal/server/routes.go:59.2,69.64 8 0
example.com/mamude/internal/server/server.go:20.31,37.2 4 0
example.com/mamude/internal/types/customer.go:21.46,23.20 2 0
example.com/mamude/internal/types/customer.go:23.20,25.3 1 0
example.com/mamude/internal/types/customer.go:25.8,28.3 2 0
example.com/mamude/internal/types/customer.go:31.60,33.21 2 0
example.com/mamude/internal/types/customer.go:33.21,35.3 1 0
example.com/mamude/internal/types/customer.go:35.8,38.3 2 0
example.com/mamude/internal/types/customer.go:41.60,43.21 2 0
example.com/mamude/internal/types/customer.go:43.21,45.3 1 0
example.com/mamude/internal/types/customer.go:45.8,48.3 2 0
example.com/mamude/internal/database/database.go:36.21,42.16 5 0
example.com/mamude/internal/database/database.go:42.16,44.3 1 0
example.com/mamude/internal/database/database.go:45.2,45.11 1 0
example.com/mamude/internal/helpers/cnpj.go:24.29,26.2 1 0
example.com/mamude/internal/helpers/cnpj.go:29.31,31.2 1 0
example.com/mamude/internal/helpers/cnpj.go:35.32,39.18 2 0
example.com/mamude/internal/helpers/cnpj.go:39.18,41.3 1 0
example.com/mamude/internal/helpers/cnpj.go:43.2,45.16 2 0
example.com/mamude/internal/helpers/cnpj.go:45.16,47.3 1 0
example.com/mamude/internal/helpers/cnpj.go:49.2,49.53 1 0
example.com/mamude/internal/helpers/cnpj.go:54.37,56.21 1 0
example.com/mamude/internal/helpers/cnpj.go:56.21,58.3 1 0
example.com/mamude/internal/helpers/cnpj.go:60.2,65.16 5 0
example.com/mamude/internal/helpers/cnpj.go:65.16,67.3 1 0
example.com/mamude/internal/helpers/cnpj.go:69.2,74.16 5 0
example.com/mamude/internal/helpers/cnpj.go:74.16,76.3 1 0
example.com/mamude/internal/helpers/cnpj.go:78.2,79.26 2 0
example.com/mamude/internal/helpers/cpf.go:25.27,27.2 1 0
example.com/mamude/internal/helpers/cpf.go:30.30,32.2 1 0
example.com/mamude/internal/helpers/cpf.go:36.31,40.18 2 0
example.com/mamude/internal/helpers/cpf.go:40.18,42.3 1 0
example.com/mamude/internal/helpers/cpf.go:44.2,46.16 2 0
example.com/mamude/internal/helpers/cpf.go:46.16,48.3 1 0
example.com/mamude/internal/helpers/cpf.go:50.2,50.50 1 0
example.com/mamude/internal/helpers/cpf.go:55.35,56.20 1 0
example.com/mamude/internal/helpers/cpf.go:56.20,58.3 1 0
example.com/mamude/internal/helpers/cpf.go:60.2,66.13 5 0
example.com/mamude/internal/helpers/cpf.go:66.13,68.3 1 0
example.com/mamude/internal/helpers/cpf.go:70.2,77.13 5 0
example.com/mamude/internal/helpers/cpf.go:77.13,79.3 1 0
example.com/mamude/internal/helpers/cpf.go:81.2,82.25 2 0
example.com/mamude/internal/helpers/db.go:5.30,6.16 1 0
example.com/mamude/internal/helpers/db.go:6.16,7.13 1 0
example.com/mamude/internal/helpers/db.go:11.44,12.16 1 0
example.com/mamude/internal/helpers/db.go:12.16,14.13 2 0
example.com/mamude/internal/helpers/http.go:10.43,12.2 1 0
example.com/mamude/internal/helpers/http.go:14.44,15.16 1 0
example.com/mamude/internal/helpers/http.go:15.16,17.3 1 0
example.com/mamude/internal/helpers/http.go:20.56,22.2 1 1
example.com/mamude/internal/helpers/http.go:24.52,27.2 2 1
example.com/mamude/internal/helpers/parsers.go:9.36,11.2 1 0
example.com/mamude/internal/helpers/parsers.go:13.37,14.21 1 0
example.com/mamude/internal/helpers/parsers.go:14.21,16.3 1 0
example.com/mamude/internal/helpers/parsers.go:17.2,17.14 1 0
example.com/mamude/internal/helpers/parsers.go:20.40,21.21 1 0
example.com/mamude/internal/helpers/parsers.go:21.21,23.3 1 0
example.com/mamude/internal/helpers/parsers.go:24.2,26.16 3 0
example.com/mamude/internal/helpers/parsers.go:26.16,27.13 1 0
example.com/mamude/internal/helpers/parsers.go:29.2,29.13 1 0
example.com/mamude/internal/helpers/parsers.go:32.41,33.21 1 0
example.com/mamude/internal/helpers/parsers.go:33.21,35.3 1 0
example.com/mamude/internal/helpers/parsers.go:36.2,38.16 3 0
example.com/mamude/internal/helpers/parsers.go:38.16,39.13 1 0
example.com/mamude/internal/helpers/parsers.go:41.2,41.16 1 0
example.com/mamude/internal/helpers/utils.go:8.42,10.26 1 0
example.com/mamude/internal/helpers/utils.go:10.26,12.3 1 0
example.com/mamude/internal/helpers/utils.go:14.2,16.26 2 0
example.com/mamude/internal/helpers/utils.go:16.26,19.17 3 0
example.com/mamude/internal/helpers/utils.go:19.17,21.4 1 0
example.com/mamude/internal/helpers/utils.go:24.2,24.12 1 0
example.com/mamude/internal/helpers/utils.go:28.29,33.2 4 0
example.com/mamude/internal/repository/customer.go:15.70,19.2 1 1
example.com/mamude/internal/repository/customer.go:21.91,23.24 1 1
example.com/mamude/internal/repository/customer.go:23.24,25.38 2 0
example.com/mamude/internal/repository/customer.go:25.38,31.4 5 0
example.com/mamude/internal/repository/customer.go:35.3,48.65 1 0
example.com/mamude/internal/repository/customer.go:48.65,59.5 1 0
example.com/mamude/internal/repository/customer.go:61.3,62.19 2 0
example.com/mamude/internal/repository/customer.go:63.8,65.3 1 1
example.com/mamude/internal/server/routes.go:19.48,26.34 5 1
example.com/mamude/internal/server/routes.go:26.34,28.3 1 1
example.com/mamude/internal/server/routes.go:29.2,31.10 2 1
example.com/mamude/internal/server/routes.go:34.46,36.2 1 0
example.com/mamude/internal/server/routes.go:38.50,40.16 2 1
example.com/mamude/internal/server/routes.go:40.16,43.3 2 1
example.com/mamude/internal/server/routes.go:45.2,45.33 1 1
example.com/mamude/internal/server/routes.go:45.33,48.3 2 0
example.com/mamude/internal/server/routes.go:51.2,53.59 3 1
example.com/mamude/internal/server/routes.go:53.59,56.3 2 0
example.com/mamude/internal/server/routes.go:59.2,69.64 8 1
example.com/mamude/internal/server/server.go:20.31,37.2 4 0
example.com/mamude/internal/service/import_data.go:25.28,26.16 1 1
example.com/mamude/internal/service/import_data.go:26.16,28.3 1 0
example.com/mamude/internal/service/import_data.go:31.53,45.21 8 1
example.com/mamude/internal/service/import_data.go:45.21,69.3 10 0
example.com/mamude/internal/service/import_data.go:71.2,71.18 1 1
example.com/mamude/internal/types/customer.go:21.46,23.20 2 0
example.com/mamude/internal/types/customer.go:23.20,25.3 1 0
example.com/mamude/internal/types/customer.go:25.8,28.3 2 0
example.com/mamude/internal/types/customer.go:31.60,33.21 2 0
example.com/mamude/internal/types/customer.go:33.21,35.3 1 0
example.com/mamude/internal/types/customer.go:35.8,38.3 2 0
example.com/mamude/internal/types/customer.go:41.60,43.21 2 0
example.com/mamude/internal/types/customer.go:43.21,45.3 1 0
example.com/mamude/internal/types/customer.go:45.8,48.3 2 0
