mode: set
example.com/mamude/internal/repository/customer.go:25.38,31.4 5 0
example.com/mamude/internal/repository/customer.go:35.3,48.65 1 0
example.com/mamude/internal/repository/customer.go:48.65,59.5 1 0
example.com/mamude/internal/repository/customer.go:61.3,62.19 2 0
example.com/mamude/internal/repository/customer.go:63.8,65.3 1 0
example.com/mamude/internal/types/customer.go:21.46,23.20 2 0
example.com/mamude/internal/types/customer.go:23.20,25.3 1 0
example.com/mamude/internal/types/customer.go:25.8,28.3 2 0
example.com/mamude/internal/types/customer.go:31.60,33.21 2 0
example.com/mamude/internal/types/customer.go:33.21,35.3 1 0
example.com/mamude/internal/types/customer.go:35.8,38.3 2 0
example.com/mamude/internal/types/customer.go:41.60,43.21 2 0
example.com/mamude/internal/types/customer.go:43.21,45.3 1 0
example.com/mamude/internal/types/customer.go:45.8,48.3 2 0
example.com/mamude/internal/repository/customer.go:25.38,31.4 5 0
example.com/mamude/internal/repository/customer.go:35.3,48.65 1 0
example.com/mamude/internal/repository/customer.go:48.65,59.5 1 0
example.com/mamude/internal/repository/customer.go:61.3,62.19 2 0
example.com/mamude/internal/repository/customer.go:63.8,65.3 1 1
example.com/mamude/internal/types/customer.go:21.46,23.20 2 0
example.com/mamude/internal/types/customer.go:23.20,25.3 1 0
example.com/mamude/internal/types/customer.go:25.8,28.3 2 0
example.com/mamude/internal/types/customer.go:31.60,33.21 2 0
example.com/mamude/internal/types/customer.go:33.21,35.3 1 0
example.com/mamude/internal/types/customer.go:35.8,38.3 2 0
example.com/mamude/internal/types/customer.go:41.60,43.21 2 0
example.com/mamude/internal/types/customer.go:43.21,45.3 1 0
example.com/mamude/internal/types/customer.go:45.8,48.3 2 0
